Using pre-set license
Built from '2021.3/staging' branch; Version is '2021.3.8f1 (b30333d56e81) revision 11731763'; Using compiler version '192829333'; Build Type 'Release'
OS: 'Windows 10  (10.0.19045) 64bit Education' Language: 'en' Physical Memory: 16300 MB
BatchMode: 1, IsHumanControllingUs: 0, StartBugReporterOnCrash: 0, Is64bit: 1, IsPro: 1

COMMAND LINE ARGUMENTS:
C:\Program Files\Unity\Editor\Unity.exe
-adb2
-batchMode
-noUpm
-name
AssetImportWorker1
-projectPath
C:/Users/g.soh/Documents/GitHub/Cranium-and-crossbones/Cranium and Crossbones
-logFile
Logs/AssetImportWorker1.log
-srvPort
61260
Successfully changed project path to: C:/Users/g.soh/Documents/GitHub/Cranium-and-crossbones/Cranium and Crossbones
C:/Users/g.soh/Documents/GitHub/Cranium-and-crossbones/Cranium and Crossbones
[UnityMemory] Configuration Parameters - Can be set up in boot.config
    "memorysetup-bucket-allocator-granularity=16"
    "memorysetup-bucket-allocator-bucket-count=8"
    "memorysetup-bucket-allocator-block-size=33554432"
    "memorysetup-bucket-allocator-block-count=8"
    "memorysetup-main-allocator-block-size=16777216"
    "memorysetup-thread-allocator-block-size=16777216"
    "memorysetup-gfx-main-allocator-block-size=16777216"
    "memorysetup-gfx-thread-allocator-block-size=16777216"
    "memorysetup-cache-allocator-block-size=4194304"
    "memorysetup-typetree-allocator-block-size=2097152"
    "memorysetup-profiler-bucket-allocator-granularity=16"
    "memorysetup-profiler-bucket-allocator-bucket-count=8"
    "memorysetup-profiler-bucket-allocator-block-size=33554432"
    "memorysetup-profiler-bucket-allocator-block-count=8"
    "memorysetup-profiler-allocator-block-size=16777216"
    "memorysetup-profiler-editor-allocator-block-size=1048576"
    "memorysetup-temp-allocator-size-main=16777216"
    "memorysetup-job-temp-allocator-block-size=2097152"
    "memorysetup-job-temp-allocator-block-size-background=1048576"
    "memorysetup-job-temp-allocator-reduction-small-platforms=262144"
    "memorysetup-temp-allocator-size-background-worker=32768"
    "memorysetup-temp-allocator-size-job-worker=262144"
    "memorysetup-temp-allocator-size-preload-manager=33554432"
    "memorysetup-temp-allocator-size-nav-mesh-worker=65536"
    "memorysetup-temp-allocator-size-audio-worker=65536"
    "memorysetup-temp-allocator-size-cloud-worker=32768"
    "memorysetup-temp-allocator-size-gi-baking-worker=262144"
    "memorysetup-temp-allocator-size-gfx=262144"
Refreshing native plugins compatible for Editor in 127.55 ms, found 4 plugins.
Preloading 0 native plugins for Editor in 0.00 ms.
Initialize engine version: 2021.3.8f1 (b30333d56e81)
[Subsystems] Discovering subsystems at path C:/Program Files/Unity/Editor/Data/Resources/UnitySubsystems
[Subsystems] Discovering subsystems at path C:/Users/g.soh/Documents/GitHub/Cranium-and-crossbones/Cranium and Crossbones/Assets
GfxDevice: creating device client; threaded=0; jobified=0
Direct3D:
    Version:  Direct3D 11.0 [level 11.1]
    Renderer: NVIDIA GeForce GTX 1060 6GB (ID=0x1c03)
    Vendor:   NVIDIA
    VRAM:     6043 MB
    Driver:   31.0.15.3179
Initialize mono
Mono path[0] = 'C:/Program Files/Unity/Editor/Data/Managed'
Mono path[1] = 'C:/Program Files/Unity/Editor/Data/MonoBleedingEdge/lib/mono/unityjit-win32'
Mono config path = 'C:/Program Files/Unity/Editor/Data/MonoBleedingEdge/etc'
Using monoOptions --debugger-agent=transport=dt_socket,embedding=1,server=y,suspend=n,address=127.0.0.1:56360
Begin MonoManager ReloadAssembly
Registering precompiled unity dll's ...
Register platform support module: C:/Program Files/Unity/Editor/Data/PlaybackEngines/AndroidPlayer/UnityEditor.Android.Extensions.dll
Register platform support module: C:/Program Files/Unity/Editor/Data/PlaybackEngines/WindowsStandaloneSupport/UnityEditor.WindowsStandalone.Extensions.dll
Register platform support module: C:/Program Files/Unity/Editor/Data/PlaybackEngines/MetroSupport/UnityEditor.UWP.Extensions.dll
Registered in 0.022503 seconds.
Native extension for UWP target not found
Native extension for WindowsStandalone target not found
Native extension for Android target not found
Refreshing native plugins compatible for Editor in 120.95 ms, found 4 plugins.
Preloading 0 native plugins for Editor in 0.00 ms.
Mono: successfully reloaded assembly
- Completed reload, in  0.945 seconds
Domain Reload Profiling:
	ReloadAssembly (946ms)
		BeginReloadAssembly (136ms)
			ExecutionOrderSort (0ms)
			DisableScriptedObjects (0ms)
			BackupInstance (0ms)
			ReleaseScriptingObjects (0ms)
			CreateAndSetChildDomain (1ms)
		EndReloadAssembly (634ms)
			LoadAssemblies (130ms)
			RebuildTransferFunctionScriptingTraits (0ms)
			SetupTypeCache (138ms)
			ReleaseScriptCaches (0ms)
			RebuildScriptCaches (35ms)
			SetupLoadedEditorAssemblies (385ms)
				LogAssemblyErrors (0ms)
				InitializePlatformSupportModulesInManaged (60ms)
				SetLoadedEditorAssemblies (0ms)
				RefreshPlugins (121ms)
				BeforeProcessingInitializeOnLoad (1ms)
				ProcessInitializeOnLoadAttributes (140ms)
				ProcessInitializeOnLoadMethodAttributes (62ms)
				AfterProcessingInitializeOnLoad (0ms)
				EditorAssembliesLoaded (0ms)
			ExecutionOrderSort2 (0ms)
			AwakeInstancesAfterBackupRestoration (0ms)
Platform modules already initialized, skipping
Registering precompiled user dll's ...
Registered in 0.026925 seconds.
Begin MonoManager ReloadAssembly
Symbol file LoadedFromMemory doesn't match image C:\Users\g.soh\Documents\GitHub\Cranium-and-crossbones\Cranium and Crossbones\Library\PackageCache\com.unity.visualscripting@1.7.8\Editor\VisualScripting.Core\Dependencies\YamlDotNet\Unity.VisualScripting.YamlDotNet.dll
Symbol file LoadedFromMemory doesn't match image C:\Users\g.soh\Documents\GitHub\Cranium-and-crossbones\Cranium and Crossbones\Library\PackageCache\com.unity.visualscripting@1.7.8\Editor\VisualScripting.Core\Dependencies\DotNetZip\Unity.VisualScripting.IonicZip.dll
Native extension for UWP target not found
Native extension for WindowsStandalone target not found
Native extension for Android target not found
Refreshing native plugins compatible for Editor in 113.09 ms, found 4 plugins.
Preloading 0 native plugins for Editor in 0.00 ms.
Mono: successfully reloaded assembly
- Completed reload, in  1.663 seconds
Domain Reload Profiling:
	ReloadAssembly (1664ms)
		BeginReloadAssembly (173ms)
			ExecutionOrderSort (0ms)
			DisableScriptedObjects (7ms)
			BackupInstance (0ms)
			ReleaseScriptingObjects (0ms)
			CreateAndSetChildDomain (23ms)
		EndReloadAssembly (1304ms)
			LoadAssemblies (178ms)
			RebuildTransferFunctionScriptingTraits (0ms)
			SetupTypeCache (328ms)
			ReleaseScriptCaches (1ms)
			RebuildScriptCaches (75ms)
			SetupLoadedEditorAssemblies (671ms)
				LogAssemblyErrors (0ms)
				InitializePlatformSupportModulesInManaged (23ms)
				SetLoadedEditorAssemblies (0ms)
				RefreshPlugins (113ms)
				BeforeProcessingInitializeOnLoad (170ms)
				ProcessInitializeOnLoadAttributes (285ms)
				ProcessInitializeOnLoadMethodAttributes (51ms)
				AfterProcessingInitializeOnLoad (29ms)
				EditorAssembliesLoaded (0ms)
			ExecutionOrderSort2 (0ms)
			AwakeInstancesAfterBackupRestoration (11ms)
Platform modules already initialized, skipping
========================================================================
Worker process is ready to serve import requests
Launched and connected shader compiler UnityShaderCompiler.exe after 0.06 seconds
Refreshing native plugins compatible for Editor in 0.86 ms, found 4 plugins.
Preloading 0 native plugins for Editor in 0.00 ms.
Unloading 4093 Unused Serialized files (Serialized files now loaded: 0)
Unloading 38 unused Assets / (55.3 KB). Loaded Objects now: 4552.
Memory consumption went from 155.1 MB to 155.0 MB.
Total: 4.238900 ms (FindLiveObjects: 0.394900 ms CreateObjectMapping: 0.279100 ms MarkObjects: 3.466600 ms  DeleteObjects: 0.097400 ms)

AssetImportParameters requested are different than current active one (requested -> active):
  custom:video-decoder-ogg-theora: a1e56fd34408186e4bbccfd4996cb3dc -> 
  custom:container-muxer-webm: aa71ff27fc2769a1b78a27578f13a17b -> 
  custom:container-demuxer-webm: 4f35f7cbe854078d1ac9338744f61a02 -> 
  custom:video-encoder-webm-vp8: eb34c28f22e8b96e1ab97ce403110664 -> 
  custom:audio-encoder-webm-vorbis: bf7c407c2cedff20999df2af8eb42d56 -> 
  custom:framework-win-MediaFoundation: 216162199b28c13a410421893ffa2e32 -> 
  custom:container-demuxer-ogg: 62fdf1f143b41e24485cea50d1cbac27 -> 
  custom:video-decoder-webm-vp8: 9c59270c3fd7afecdb556c50c9e8de78 -> 
  custom:audio-decoder-ogg-vorbis: bf7c407c2cedff20999df2af8eb42d56 -> 
========================================================================
Received Import Request.
  Time since last request: 12630.868276 seconds.
  path: Assets/Sprites/tiles_sheet_55.asset
  artifactKey: Guid(4a98b811678a710458bb214b2b1f9945) Importer(815301076,1909f56bfc062723c751e8b465ee728b)
Start importing Assets/Sprites/tiles_sheet_55.asset using Guid(4a98b811678a710458bb214b2b1f9945) Importer(815301076,1909f56bfc062723c751e8b465ee728b)  -> (artifact id: 'eb670e21d4609eabce2fd6709aa4f695') in 0.093179 seconds 
========================================================================
Received Import Request.
  Time since last request: 0.000028 seconds.
  path: Assets/Sprites/tiles_sheet_57.asset
  artifactKey: Guid(ebb4929936b8cec418434af8be65ed21) Importer(815301076,1909f56bfc062723c751e8b465ee728b)
Start importing Assets/Sprites/tiles_sheet_57.asset using Guid(ebb4929936b8cec418434af8be65ed21) Importer(815301076,1909f56bfc062723c751e8b465ee728b)  -> (artifact id: '8e479418f0975643e0a694d91aff2011') in 0.015126 seconds 
========================================================================
Received Import Request.
  Time since last request: 0.000045 seconds.
  path: Assets/Sprites/tiles_sheet_61.asset
  artifactKey: Guid(4f969f0cc23926b4b90a0bd312d7fe07) Importer(815301076,1909f56bfc062723c751e8b465ee728b)
Start importing Assets/Sprites/tiles_sheet_61.asset using Guid(4f969f0cc23926b4b90a0bd312d7fe07) Importer(815301076,1909f56bfc062723c751e8b465ee728b)  -> (artifact id: '4bd49dd7567d5dec86dc588f26390549') in 0.019582 seconds 
========================================================================
Received Import Request.
  Time since last request: 0.000025 seconds.
  path: Assets/Sprites/tiles_sheet_59.asset
  artifactKey: Guid(92035950711a01e4682d507db66daa87) Importer(815301076,1909f56bfc062723c751e8b465ee728b)
Start importing Assets/Sprites/tiles_sheet_59.asset using Guid(92035950711a01e4682d507db66daa87) Importer(815301076,1909f56bfc062723c751e8b465ee728b)  -> (artifact id: 'bd4dda4d2546151b5cce8d74fc6a7b84') in 0.015668 seconds 
========================================================================
Received Import Request.
  Time since last request: 0.000023 seconds.
  path: Assets/Sprites/tiles_sheet_62.asset
  artifactKey: Guid(94356a79716db6d46b26bfb9124e6f44) Importer(815301076,1909f56bfc062723c751e8b465ee728b)
Start importing Assets/Sprites/tiles_sheet_62.asset using Guid(94356a79716db6d46b26bfb9124e6f44) Importer(815301076,1909f56bfc062723c751e8b465ee728b)  -> (artifact id: '553fa71a1c8e2a8e7ca70c20b68ef45e') in 0.015402 seconds 
========================================================================
Received Import Request.
  Time since last request: 0.355712 seconds.
  path: Assets/Sprites/tiles_sheet_66.asset
  artifactKey: Guid(a6f9f2a6e5424184880c33cb519d5c78) Importer(815301076,1909f56bfc062723c751e8b465ee728b)
Start importing Assets/Sprites/tiles_sheet_66.asset using Guid(a6f9f2a6e5424184880c33cb519d5c78) Importer(815301076,1909f56bfc062723c751e8b465ee728b)  -> (artifact id: 'e853d319deffc157c3acfa918e1784c9') in 0.012652 seconds 
========================================================================
Received Import Request.
  Time since last request: 0.000027 seconds.
  path: Assets/Sprites/tiles_sheet_68.asset
  artifactKey: Guid(f6c686b525221a7498f514063bd4e33a) Importer(815301076,1909f56bfc062723c751e8b465ee728b)
Start importing Assets/Sprites/tiles_sheet_68.asset using Guid(f6c686b525221a7498f514063bd4e33a) Importer(815301076,1909f56bfc062723c751e8b465ee728b)  -> (artifact id: '0164225340ab8a5264065c391918bdc4') in 0.014414 seconds 
========================================================================
Received Import Request.
  Time since last request: 0.000028 seconds.
  path: Assets/Sprites/tiles_sheet_74.asset
  artifactKey: Guid(96ab999dbe7d91347b48dc3659ec1582) Importer(815301076,1909f56bfc062723c751e8b465ee728b)
Start importing Assets/Sprites/tiles_sheet_74.asset using Guid(96ab999dbe7d91347b48dc3659ec1582) Importer(815301076,1909f56bfc062723c751e8b465ee728b)  -> (artifact id: 'ec89f969006d3e9b90ae75ded9c2796f') in 0.015052 seconds 
========================================================================
Received Import Request.
  Time since last request: 0.000019 seconds.
  path: Assets/Sprites/tiles_sheet_75.asset
  artifactKey: Guid(c6b9c16ebb4c42948a821c003875d252) Importer(815301076,1909f56bfc062723c751e8b465ee728b)
Start importing Assets/Sprites/tiles_sheet_75.asset using Guid(c6b9c16ebb4c42948a821c003875d252) Importer(815301076,1909f56bfc062723c751e8b465ee728b)  -> (artifact id: '4c961aa70d6b4d6c6ac83c9225e3926b') in 0.012906 seconds 
========================================================================
Received Import Request.
  Time since last request: 0.000024 seconds.
  path: Assets/Sprites/tiles_sheet_69.asset
  artifactKey: Guid(5c7d3a38a61f10a449d32d2530875c93) Importer(815301076,1909f56bfc062723c751e8b465ee728b)
Start importing Assets/Sprites/tiles_sheet_69.asset using Guid(5c7d3a38a61f10a449d32d2530875c93) Importer(815301076,1909f56bfc062723c751e8b465ee728b)  -> (artifact id: '35f0e195be16f8415b6a7a5f13ad01fd') in 0.014660 seconds 
========================================================================
Received Import Request.
  Time since last request: 0.018252 seconds.
  path: Assets/Sprites/tiles_sheet_77.asset
  artifactKey: Guid(68964046765e5174283ccde0b427d5ea) Importer(815301076,1909f56bfc062723c751e8b465ee728b)
Start importing Assets/Sprites/tiles_sheet_77.asset using Guid(68964046765e5174283ccde0b427d5ea) Importer(815301076,1909f56bfc062723c751e8b465ee728b)  -> (artifact id: '688a1527c59e30faecf8d4c2b9f12517') in 0.029910 seconds 
========================================================================
Received Import Request.
  Time since last request: 0.000020 seconds.
  path: Assets/Sprites/tiles_sheet_84.asset
  artifactKey: Guid(d4e17ac034bcde749ab20774e20f767b) Importer(815301076,1909f56bfc062723c751e8b465ee728b)
Start importing Assets/Sprites/tiles_sheet_84.asset using Guid(d4e17ac034bcde749ab20774e20f767b) Importer(815301076,1909f56bfc062723c751e8b465ee728b)  -> (artifact id: 'ffb96caf624d625bcc9ee6ccb8375a39') in 0.014132 seconds 
========================================================================
Received Import Request.
  Time since last request: 0.000024 seconds.
  path: Assets/Sprites/tiles_sheet_86.asset
  artifactKey: Guid(85c087ab66fd1584ea3e8cc371d63b2b) Importer(815301076,1909f56bfc062723c751e8b465ee728b)
Start importing Assets/Sprites/tiles_sheet_86.asset using Guid(85c087ab66fd1584ea3e8cc371d63b2b) Importer(815301076,1909f56bfc062723c751e8b465ee728b)  -> (artifact id: '52ba842098f4d02c0782516081e48181') in 0.014601 seconds 
========================================================================
Received Import Request.
  Time since last request: 0.000040 seconds.
  path: Assets/Sprites/tiles_sheet_80.asset
  artifactKey: Guid(17af979ffe680744e8e8bfec6b80c493) Importer(815301076,1909f56bfc062723c751e8b465ee728b)
Start importing Assets/Sprites/tiles_sheet_80.asset using Guid(17af979ffe680744e8e8bfec6b80c493) Importer(815301076,1909f56bfc062723c751e8b465ee728b)  -> (artifact id: '22a94e284c3744374a457c3c2dd29b41') in 0.013937 seconds 
========================================================================
Received Import Request.
  Time since last request: 0.000021 seconds.
  path: Assets/Sprites/tiles_sheet_78.asset
  artifactKey: Guid(066678bae34f7ea4ca03d5a5bbe3eb70) Importer(815301076,1909f56bfc062723c751e8b465ee728b)
Start importing Assets/Sprites/tiles_sheet_78.asset using Guid(066678bae34f7ea4ca03d5a5bbe3eb70) Importer(815301076,1909f56bfc062723c751e8b465ee728b)  -> (artifact id: 'f36bc5aeb5b0aa3878feceb45675b62e') in 0.015100 seconds 
========================================================================
Received Import Request.
  Time since last request: 0.000020 seconds.
  path: Assets/Sprites/tiles_sheet_81.asset
  artifactKey: Guid(71727044344c2c7469ed338b28e6f740) Importer(815301076,1909f56bfc062723c751e8b465ee728b)
Start importing Assets/Sprites/tiles_sheet_81.asset using Guid(71727044344c2c7469ed338b28e6f740) Importer(815301076,1909f56bfc062723c751e8b465ee728b)  -> (artifact id: '2dd186b14bda362154292ee74dedd199') in 0.018994 seconds 
========================================================================
Received Import Request.
  Time since last request: 0.000021 seconds.
  path: Assets/Sprites/tiles_sheet_90.asset
  artifactKey: Guid(e8208dcf2bd47294ea5f50fe4d5929f4) Importer(815301076,1909f56bfc062723c751e8b465ee728b)
Start importing Assets/Sprites/tiles_sheet_90.asset using Guid(e8208dcf2bd47294ea5f50fe4d5929f4) Importer(815301076,1909f56bfc062723c751e8b465ee728b)  -> (artifact id: 'd554e8fb12945224a8d0cd596671f3be') in 0.014355 seconds 
========================================================================
Received Import Request.
  Time since last request: 0.000028 seconds.
  path: Assets/Sprites/tiles_sheet_93.asset
  artifactKey: Guid(2c7148f61248acb4bbcf7dcfa2f50222) Importer(815301076,1909f56bfc062723c751e8b465ee728b)
Start importing Assets/Sprites/tiles_sheet_93.asset using Guid(2c7148f61248acb4bbcf7dcfa2f50222) Importer(815301076,1909f56bfc062723c751e8b465ee728b)  -> (artifact id: 'ea810ee7d99861ca6fe645255636e709') in 0.013790 seconds 
========================================================================
Received Import Request.
  Time since last request: 0.000023 seconds.
  path: Assets/Sprites/tiles_sheet_91.asset
  artifactKey: Guid(2d1c08d35ef60a94bbd976a17e968b75) Importer(815301076,1909f56bfc062723c751e8b465ee728b)
Start importing Assets/Sprites/tiles_sheet_91.asset using Guid(2d1c08d35ef60a94bbd976a17e968b75) Importer(815301076,1909f56bfc062723c751e8b465ee728b)  -> (artifact id: '3cacea569f50464e0d184e26e031eb08') in 0.013184 seconds 
========================================================================
Received Import Request.
  Time since last request: 0.000027 seconds.
  path: Assets/Sprites/tiles_sheet_88.asset
  artifactKey: Guid(42088d2c26aa5764fa22806f907c8719) Importer(815301076,1909f56bfc062723c751e8b465ee728b)
Start importing Assets/Sprites/tiles_sheet_88.asset using Guid(42088d2c26aa5764fa22806f907c8719) Importer(815301076,1909f56bfc062723c751e8b465ee728b)  -> (artifact id: '533157f310f9e8e4dc549565ba942ec1') in 0.019317 seconds 
========================================================================
Received Import Request.
  Time since last request: 40.044527 seconds.
  path: Assets/Sprites/Image Assets/BG_StartingScreen.PNG
  artifactKey: Guid(fdf37b41d4e233c488a309dc5c0058c3) Importer(815301076,1909f56bfc062723c751e8b465ee728b)
Start importing Assets/Sprites/Image Assets/BG_StartingScreen.PNG using Guid(fdf37b41d4e233c488a309dc5c0058c3) Importer(815301076,1909f56bfc062723c751e8b465ee728b)  -> (artifact id: 'c6914fcd93572b761755f3c0447efc35') in 1.456898 seconds 
========================================================================
Received Import Request.
  Time since last request: 0.000028 seconds.
  path: Assets/Sprites/Image Assets/Char_WilliamKidd_2.PNG
  artifactKey: Guid(a5e8adb540f80954c9ce9508761ffea0) Importer(815301076,1909f56bfc062723c751e8b465ee728b)
Start importing Assets/Sprites/Image Assets/Char_WilliamKidd_2.PNG using Guid(a5e8adb540f80954c9ce9508761ffea0) Importer(815301076,1909f56bfc062723c751e8b465ee728b)  -> (artifact id: '31ace5865b678aaddd43e3dcf7d319a8') in 0.330133 seconds 
========================================================================
Received Import Request.
  Time since last request: 0.000165 seconds.
  path: Assets/Sprites/Image Assets/Char_BenHornigold_1.PNG
  artifactKey: Guid(a124c3ead40a74d458472e11726419c5) Importer(815301076,1909f56bfc062723c751e8b465ee728b)
Start importing Assets/Sprites/Image Assets/Char_BenHornigold_1.PNG using Guid(a124c3ead40a74d458472e11726419c5) Importer(815301076,1909f56bfc062723c751e8b465ee728b)  -> (artifact id: 'c1334db890429e5e21a478ede83fcd78') in 0.247231 seconds 
========================================================================
Received Import Request.
  Time since last request: 0.000036 seconds.
  path: Assets/Sprites/Image Assets/Char_BenHornigold_2.PNG
  artifactKey: Guid(f7dff569c2eaf7348bd3b08f7a41b931) Importer(815301076,1909f56bfc062723c751e8b465ee728b)
Start importing Assets/Sprites/Image Assets/Char_BenHornigold_2.PNG using Guid(f7dff569c2eaf7348bd3b08f7a41b931) Importer(815301076,1909f56bfc062723c751e8b465ee728b)  -> (artifact id: '853a6d1bb4f8442960b06431bce02f38') in 0.252905 seconds 
========================================================================
Received Import Request.
  Time since last request: 0.000046 seconds.
  path: Assets/Sprites/Image Assets/Char_BlackBeard_1.PNG
  artifactKey: Guid(9ab1dca77f904ad4d96be2d6735eb896) Importer(815301076,1909f56bfc062723c751e8b465ee728b)
Start importing Assets/Sprites/Image Assets/Char_BlackBeard_1.PNG using Guid(9ab1dca77f904ad4d96be2d6735eb896) Importer(815301076,1909f56bfc062723c751e8b465ee728b)  -> (artifact id: 'f858b4a64050ae8acd0374c913b922b9') in 0.226855 seconds 
========================================================================
Received Import Request.
  Time since last request: 0.000028 seconds.
  path: Assets/Sprites/Image Assets/Char_BlackBeard_Dark.PNG
  artifactKey: Guid(2e178ab90a8301e439ee17b49021db17) Importer(815301076,1909f56bfc062723c751e8b465ee728b)
Start importing Assets/Sprites/Image Assets/Char_BlackBeard_Dark.PNG using Guid(2e178ab90a8301e439ee17b49021db17) Importer(815301076,1909f56bfc062723c751e8b465ee728b)  -> (artifact id: '492ac2062d70918c93e6c20ea1a40b21') in 0.236366 seconds 
========================================================================
Received Import Request.
  Time since last request: 0.000050 seconds.
  path: Assets/Sprites/Image Assets/Char_BenHornigold_Dark.PNG
  artifactKey: Guid(08d1c5b8aa89c1640afa0c50b1e66b99) Importer(815301076,1909f56bfc062723c751e8b465ee728b)
Start importing Assets/Sprites/Image Assets/Char_BenHornigold_Dark.PNG using Guid(08d1c5b8aa89c1640afa0c50b1e66b99) Importer(815301076,1909f56bfc062723c751e8b465ee728b)  -> (artifact id: 'f806d0681c04d29d68b0b40c73067636') in 0.236922 seconds 
========================================================================
Received Import Request.
  Time since last request: 0.000029 seconds.
  path: Assets/Sprites/Image Assets/Char_WilliamKidd_Dark.PNG
  artifactKey: Guid(cda3081f28ef37548be18393ff2c7940) Importer(815301076,1909f56bfc062723c751e8b465ee728b)
Start importing Assets/Sprites/Image Assets/Char_WilliamKidd_Dark.PNG using Guid(cda3081f28ef37548be18393ff2c7940) Importer(815301076,1909f56bfc062723c751e8b465ee728b)  -> (artifact id: 'a8109ad6580f86971d1ca8391a399d67') in 0.244720 seconds 
========================================================================
Received Import Request.
  Time since last request: 0.000042 seconds.
  path: Assets/Sprites/Image Assets/Char_MainChar_2.PNG
  artifactKey: Guid(b3b9fbe2bf6dfd641803d95106f9c260) Importer(815301076,1909f56bfc062723c751e8b465ee728b)
Start importing Assets/Sprites/Image Assets/Char_MainChar_2.PNG using Guid(b3b9fbe2bf6dfd641803d95106f9c260) Importer(815301076,1909f56bfc062723c751e8b465ee728b)  -> (artifact id: 'b5dd17fea04bb03f0d9020a06cda2deb') in 0.228810 seconds 
========================================================================
Received Import Request.
  Time since last request: 0.000034 seconds.
  path: Assets/Sprites/Image Assets/UI_Cloth.PNG
  artifactKey: Guid(80ca667867e725f4380a14e41fb04d6f) Importer(815301076,1909f56bfc062723c751e8b465ee728b)
Start importing Assets/Sprites/Image Assets/UI_Cloth.PNG using Guid(80ca667867e725f4380a14e41fb04d6f) Importer(815301076,1909f56bfc062723c751e8b465ee728b)  -> (artifact id: 'd325bf4b892837f27ee194063d6064e7') in 0.235365 seconds 
