Using pre-set license
Built from '2021.3/staging' branch; Version is '2021.3.8f1 (b30333d56e81) revision 11731763'; Using compiler version '192829333'; Build Type 'Release'
OS: 'Windows 10  (10.0.19045) 64bit Education' Language: 'en' Physical Memory: 16300 MB
BatchMode: 1, IsHumanControllingUs: 0, StartBugReporterOnCrash: 0, Is64bit: 1, IsPro: 1

COMMAND LINE ARGUMENTS:
C:\Program Files\Unity\Editor\Unity.exe
-adb2
-batchMode
-noUpm
-name
AssetImportWorker0
-projectPath
C:/Users/g.soh/Documents/GitHub/Cranium-and-crossbones/Cranium and Crossbones
-logFile
Logs/AssetImportWorker0.log
-srvPort
61260
Successfully changed project path to: C:/Users/g.soh/Documents/GitHub/Cranium-and-crossbones/Cranium and Crossbones
C:/Users/g.soh/Documents/GitHub/Cranium-and-crossbones/Cranium and Crossbones
[UnityMemory] Configuration Parameters - Can be set up in boot.config
    "memorysetup-bucket-allocator-granularity=16"
    "memorysetup-bucket-allocator-bucket-count=8"
    "memorysetup-bucket-allocator-block-size=33554432"
    "memorysetup-bucket-allocator-block-count=8"
    "memorysetup-main-allocator-block-size=16777216"
    "memorysetup-thread-allocator-block-size=16777216"
    "memorysetup-gfx-main-allocator-block-size=16777216"
    "memorysetup-gfx-thread-allocator-block-size=16777216"
    "memorysetup-cache-allocator-block-size=4194304"
    "memorysetup-typetree-allocator-block-size=2097152"
    "memorysetup-profiler-bucket-allocator-granularity=16"
    "memorysetup-profiler-bucket-allocator-bucket-count=8"
    "memorysetup-profiler-bucket-allocator-block-size=33554432"
    "memorysetup-profiler-bucket-allocator-block-count=8"
    "memorysetup-profiler-allocator-block-size=16777216"
    "memorysetup-profiler-editor-allocator-block-size=1048576"
    "memorysetup-temp-allocator-size-main=16777216"
    "memorysetup-job-temp-allocator-block-size=2097152"
    "memorysetup-job-temp-allocator-block-size-background=1048576"
    "memorysetup-job-temp-allocator-reduction-small-platforms=262144"
    "memorysetup-temp-allocator-size-background-worker=32768"
    "memorysetup-temp-allocator-size-job-worker=262144"
    "memorysetup-temp-allocator-size-preload-manager=33554432"
    "memorysetup-temp-allocator-size-nav-mesh-worker=65536"
    "memorysetup-temp-allocator-size-audio-worker=65536"
    "memorysetup-temp-allocator-size-cloud-worker=32768"
    "memorysetup-temp-allocator-size-gi-baking-worker=262144"
    "memorysetup-temp-allocator-size-gfx=262144"
Refreshing native plugins compatible for Editor in 128.60 ms, found 4 plugins.
Preloading 0 native plugins for Editor in 0.00 ms.
Initialize engine version: 2021.3.8f1 (b30333d56e81)
[Subsystems] Discovering subsystems at path C:/Program Files/Unity/Editor/Data/Resources/UnitySubsystems
[Subsystems] Discovering subsystems at path C:/Users/g.soh/Documents/GitHub/Cranium-and-crossbones/Cranium and Crossbones/Assets
GfxDevice: creating device client; threaded=0; jobified=0
Direct3D:
    Version:  Direct3D 11.0 [level 11.1]
    Renderer: NVIDIA GeForce GTX 1060 6GB (ID=0x1c03)
    Vendor:   NVIDIA
    VRAM:     6043 MB
    Driver:   31.0.15.3179
Initialize mono
Mono path[0] = 'C:/Program Files/Unity/Editor/Data/Managed'
Mono path[1] = 'C:/Program Files/Unity/Editor/Data/MonoBleedingEdge/lib/mono/unityjit-win32'
Mono config path = 'C:/Program Files/Unity/Editor/Data/MonoBleedingEdge/etc'
Using monoOptions --debugger-agent=transport=dt_socket,embedding=1,server=y,suspend=n,address=127.0.0.1:56688
Begin MonoManager ReloadAssembly
Registering precompiled unity dll's ...
Register platform support module: C:/Program Files/Unity/Editor/Data/PlaybackEngines/AndroidPlayer/UnityEditor.Android.Extensions.dll
Register platform support module: C:/Program Files/Unity/Editor/Data/PlaybackEngines/WindowsStandaloneSupport/UnityEditor.WindowsStandalone.Extensions.dll
Register platform support module: C:/Program Files/Unity/Editor/Data/PlaybackEngines/MetroSupport/UnityEditor.UWP.Extensions.dll
Registered in 0.022935 seconds.
Native extension for UWP target not found
Native extension for WindowsStandalone target not found
Native extension for Android target not found
Refreshing native plugins compatible for Editor in 118.21 ms, found 4 plugins.
Preloading 0 native plugins for Editor in 0.00 ms.
Mono: successfully reloaded assembly
- Completed reload, in  0.923 seconds
Domain Reload Profiling:
	ReloadAssembly (924ms)
		BeginReloadAssembly (135ms)
			ExecutionOrderSort (0ms)
			DisableScriptedObjects (0ms)
			BackupInstance (0ms)
			ReleaseScriptingObjects (0ms)
			CreateAndSetChildDomain (1ms)
		EndReloadAssembly (613ms)
			LoadAssemblies (129ms)
			RebuildTransferFunctionScriptingTraits (0ms)
			SetupTypeCache (138ms)
			ReleaseScriptCaches (0ms)
			RebuildScriptCaches (35ms)
			SetupLoadedEditorAssemblies (364ms)
				LogAssemblyErrors (0ms)
				InitializePlatformSupportModulesInManaged (61ms)
				SetLoadedEditorAssemblies (1ms)
				RefreshPlugins (118ms)
				BeforeProcessingInitializeOnLoad (1ms)
				ProcessInitializeOnLoadAttributes (121ms)
				ProcessInitializeOnLoadMethodAttributes (61ms)
				AfterProcessingInitializeOnLoad (0ms)
				EditorAssembliesLoaded (0ms)
			ExecutionOrderSort2 (0ms)
			AwakeInstancesAfterBackupRestoration (0ms)
Platform modules already initialized, skipping
Registering precompiled user dll's ...
Registered in 0.027411 seconds.
Begin MonoManager ReloadAssembly
Symbol file LoadedFromMemory doesn't match image C:\Users\g.soh\Documents\GitHub\Cranium-and-crossbones\Cranium and Crossbones\Library\PackageCache\com.unity.visualscripting@1.7.8\Editor\VisualScripting.Core\Dependencies\YamlDotNet\Unity.VisualScripting.YamlDotNet.dll
Symbol file LoadedFromMemory doesn't match image C:\Users\g.soh\Documents\GitHub\Cranium-and-crossbones\Cranium and Crossbones\Library\PackageCache\com.unity.visualscripting@1.7.8\Editor\VisualScripting.Core\Dependencies\DotNetZip\Unity.VisualScripting.IonicZip.dll
Native extension for UWP target not found
Native extension for WindowsStandalone target not found
Native extension for Android target not found
Refreshing native plugins compatible for Editor in 113.06 ms, found 4 plugins.
Preloading 0 native plugins for Editor in 0.00 ms.
Mono: successfully reloaded assembly
- Completed reload, in  1.679 seconds
Domain Reload Profiling:
	ReloadAssembly (1680ms)
		BeginReloadAssembly (180ms)
			ExecutionOrderSort (0ms)
			DisableScriptedObjects (7ms)
			BackupInstance (0ms)
			ReleaseScriptingObjects (0ms)
			CreateAndSetChildDomain (23ms)
		EndReloadAssembly (1314ms)
			LoadAssemblies (190ms)
			RebuildTransferFunctionScriptingTraits (0ms)
			SetupTypeCache (327ms)
			ReleaseScriptCaches (1ms)
			RebuildScriptCaches (74ms)
			SetupLoadedEditorAssemblies (680ms)
				LogAssemblyErrors (0ms)
				InitializePlatformSupportModulesInManaged (24ms)
				SetLoadedEditorAssemblies (0ms)
				RefreshPlugins (113ms)
				BeforeProcessingInitializeOnLoad (168ms)
				ProcessInitializeOnLoadAttributes (291ms)
				ProcessInitializeOnLoadMethodAttributes (56ms)
				AfterProcessingInitializeOnLoad (27ms)
				EditorAssembliesLoaded (0ms)
			ExecutionOrderSort2 (0ms)
			AwakeInstancesAfterBackupRestoration (10ms)
Platform modules already initialized, skipping
========================================================================
Worker process is ready to serve import requests
Launched and connected shader compiler UnityShaderCompiler.exe after 0.06 seconds
Refreshing native plugins compatible for Editor in 0.86 ms, found 4 plugins.
Preloading 0 native plugins for Editor in 0.00 ms.
Unloading 4093 Unused Serialized files (Serialized files now loaded: 0)
Unloading 38 unused Assets / (55.3 KB). Loaded Objects now: 4552.
Memory consumption went from 155.0 MB to 155.0 MB.
Total: 4.372500 ms (FindLiveObjects: 0.383300 ms CreateObjectMapping: 0.211700 ms MarkObjects: 3.600700 ms  DeleteObjects: 0.175500 ms)

AssetImportParameters requested are different than current active one (requested -> active):
  custom:video-decoder-ogg-theora: a1e56fd34408186e4bbccfd4996cb3dc -> 
  custom:container-muxer-webm: aa71ff27fc2769a1b78a27578f13a17b -> 
  custom:container-demuxer-webm: 4f35f7cbe854078d1ac9338744f61a02 -> 
  custom:video-encoder-webm-vp8: eb34c28f22e8b96e1ab97ce403110664 -> 
  custom:audio-encoder-webm-vorbis: bf7c407c2cedff20999df2af8eb42d56 -> 
  custom:framework-win-MediaFoundation: 216162199b28c13a410421893ffa2e32 -> 
  custom:container-demuxer-ogg: 62fdf1f143b41e24485cea50d1cbac27 -> 
  custom:video-decoder-webm-vp8: 9c59270c3fd7afecdb556c50c9e8de78 -> 
  custom:audio-decoder-ogg-vorbis: bf7c407c2cedff20999df2af8eb42d56 -> 
========================================================================
Received Import Request.
  Time since last request: 11712.923453 seconds.
  path: Assets/Scenes/Level 1.unity
  artifactKey: Guid(615869b317310b547ad8be30fcf2d309) Importer(815301076,1909f56bfc062723c751e8b465ee728b)
Start importing Assets/Scenes/Level 1.unity using Guid(615869b317310b547ad8be30fcf2d309) Importer(815301076,1909f56bfc062723c751e8b465ee728b)  -> (artifact id: '3734ad52c2b31f929de0da8b23942e4d') in 0.011239 seconds 
========================================================================
Received Import Request.
  Time since last request: 917.925616 seconds.
  path: Assets/Sprites/tiles_sheet_54.asset
  artifactKey: Guid(b81783987f5ad924aa1b69b25e18b30e) Importer(815301076,1909f56bfc062723c751e8b465ee728b)
Start importing Assets/Sprites/tiles_sheet_54.asset using Guid(b81783987f5ad924aa1b69b25e18b30e) Importer(815301076,1909f56bfc062723c751e8b465ee728b)  -> (artifact id: 'c9827981db9e4f42dc5931955befc298') in 0.081866 seconds 
========================================================================
Received Import Request.
  Time since last request: 0.000033 seconds.
  path: Assets/Sprites/tiles_sheet_64.asset
  artifactKey: Guid(0133eb48913d9c546959657f4f944f4a) Importer(815301076,1909f56bfc062723c751e8b465ee728b)
Start importing Assets/Sprites/tiles_sheet_64.asset using Guid(0133eb48913d9c546959657f4f944f4a) Importer(815301076,1909f56bfc062723c751e8b465ee728b)  -> (artifact id: 'ede1e8b81f625078bf3b8b6f8bf294cb') in 0.014462 seconds 
========================================================================
Received Import Request.
  Time since last request: 0.000036 seconds.
  path: Assets/Sprites/tiles_sheet_58.asset
  artifactKey: Guid(80b9a8d25e394fd47aa454a853075d31) Importer(815301076,1909f56bfc062723c751e8b465ee728b)
Start importing Assets/Sprites/tiles_sheet_58.asset using Guid(80b9a8d25e394fd47aa454a853075d31) Importer(815301076,1909f56bfc062723c751e8b465ee728b)  -> (artifact id: '3846c090e4fe89aa944655b1cad8fbff') in 0.014944 seconds 
========================================================================
Received Import Request.
  Time since last request: 0.000022 seconds.
  path: Assets/Sprites/tiles_sheet_63.asset
  artifactKey: Guid(b1a49cd396219d942878adaebe9645af) Importer(815301076,1909f56bfc062723c751e8b465ee728b)
Start importing Assets/Sprites/tiles_sheet_63.asset using Guid(b1a49cd396219d942878adaebe9645af) Importer(815301076,1909f56bfc062723c751e8b465ee728b)  -> (artifact id: '6e4ed307cf79715a4430656ae4d8b481') in 0.013982 seconds 
========================================================================
Received Import Request.
  Time since last request: 0.000021 seconds.
  path: Assets/Sprites/tiles_sheet_60.asset
  artifactKey: Guid(0c11d513bcd487143823488176879ef2) Importer(815301076,1909f56bfc062723c751e8b465ee728b)
Start importing Assets/Sprites/tiles_sheet_60.asset using Guid(0c11d513bcd487143823488176879ef2) Importer(815301076,1909f56bfc062723c751e8b465ee728b)  -> (artifact id: '3323856dcd75172be7c4f74648102a55') in 0.014990 seconds 
========================================================================
Received Import Request.
  Time since last request: 0.000021 seconds.
  path: Assets/Sprites/tiles_sheet_56.asset
  artifactKey: Guid(5ef1285ac8d109a4cacf47b140de730f) Importer(815301076,1909f56bfc062723c751e8b465ee728b)
Start importing Assets/Sprites/tiles_sheet_56.asset using Guid(5ef1285ac8d109a4cacf47b140de730f) Importer(815301076,1909f56bfc062723c751e8b465ee728b)  -> (artifact id: 'ff08d64cab25be9945656a4617a91b61') in 0.018803 seconds 
========================================================================
Received Import Request.
  Time since last request: 0.354323 seconds.
  path: Assets/Sprites/tiles_sheet_65.asset
  artifactKey: Guid(bc673835e93e21443b87a4a350468e2a) Importer(815301076,1909f56bfc062723c751e8b465ee728b)
Start importing Assets/Sprites/tiles_sheet_65.asset using Guid(bc673835e93e21443b87a4a350468e2a) Importer(815301076,1909f56bfc062723c751e8b465ee728b)  -> (artifact id: 'aac350c4f9eb534b1d0858f10eeede7f') in 0.013878 seconds 
========================================================================
Received Import Request.
  Time since last request: 0.000026 seconds.
  path: Assets/Sprites/tiles_sheet_67.asset
  artifactKey: Guid(bd651b5b5f2e2af4bbc4cd381e447362) Importer(815301076,1909f56bfc062723c751e8b465ee728b)
Start importing Assets/Sprites/tiles_sheet_67.asset using Guid(bd651b5b5f2e2af4bbc4cd381e447362) Importer(815301076,1909f56bfc062723c751e8b465ee728b)  -> (artifact id: '08d28bc83df6f6edc6965c2f72aa4427') in 0.013396 seconds 
========================================================================
Received Import Request.
  Time since last request: 0.000059 seconds.
  path: Assets/Sprites/tiles_sheet_73.asset
  artifactKey: Guid(799e5a5da0260614ab5c1ce512c4ad10) Importer(815301076,1909f56bfc062723c751e8b465ee728b)
Start importing Assets/Sprites/tiles_sheet_73.asset using Guid(799e5a5da0260614ab5c1ce512c4ad10) Importer(815301076,1909f56bfc062723c751e8b465ee728b)  -> (artifact id: '8bccbbe2d1865a1437e63dd53050c0a3') in 0.014169 seconds 
========================================================================
Received Import Request.
  Time since last request: 0.000020 seconds.
  path: Assets/Sprites/tiles_sheet_72.asset
  artifactKey: Guid(2626136817e491f49800a564b0a0b87e) Importer(815301076,1909f56bfc062723c751e8b465ee728b)
Start importing Assets/Sprites/tiles_sheet_72.asset using Guid(2626136817e491f49800a564b0a0b87e) Importer(815301076,1909f56bfc062723c751e8b465ee728b)  -> (artifact id: '109ba20cb3c99dc46eab4594508e59dd') in 0.014213 seconds 
========================================================================
Received Import Request.
  Time since last request: 0.000024 seconds.
  path: Assets/Sprites/tiles_sheet_71.asset
  artifactKey: Guid(81b3f4f7334439749aeecad21c75fed1) Importer(815301076,1909f56bfc062723c751e8b465ee728b)
Start importing Assets/Sprites/tiles_sheet_71.asset using Guid(81b3f4f7334439749aeecad21c75fed1) Importer(815301076,1909f56bfc062723c751e8b465ee728b)  -> (artifact id: '3f5f0291565bb8fbede373b799e5539f') in 0.015388 seconds 
========================================================================
Received Import Request.
  Time since last request: 0.000025 seconds.
  path: Assets/Sprites/tiles_sheet_70.asset
  artifactKey: Guid(50ee25fed22753a43b41b2a0736816c8) Importer(815301076,1909f56bfc062723c751e8b465ee728b)
Start importing Assets/Sprites/tiles_sheet_70.asset using Guid(50ee25fed22753a43b41b2a0736816c8) Importer(815301076,1909f56bfc062723c751e8b465ee728b)  -> (artifact id: '08c90aee613613dd82df336ac72990f2') in 0.014552 seconds 
========================================================================
Received Import Request.
  Time since last request: 0.000020 seconds.
  path: Assets/Sprites/tiles_sheet_76.asset
  artifactKey: Guid(53f96bc3e40c6314b8a36a019e5479b5) Importer(815301076,1909f56bfc062723c751e8b465ee728b)
Start importing Assets/Sprites/tiles_sheet_76.asset using Guid(53f96bc3e40c6314b8a36a019e5479b5) Importer(815301076,1909f56bfc062723c751e8b465ee728b)  -> (artifact id: 'a716114d021c761c4b0f13774b24e1b4') in 0.029197 seconds 
========================================================================
Received Import Request.
  Time since last request: 0.000022 seconds.
  path: Assets/Sprites/tiles_sheet_79.asset
  artifactKey: Guid(96cd0d9a44430e94696336d06fb26364) Importer(815301076,1909f56bfc062723c751e8b465ee728b)
Start importing Assets/Sprites/tiles_sheet_79.asset using Guid(96cd0d9a44430e94696336d06fb26364) Importer(815301076,1909f56bfc062723c751e8b465ee728b)  -> (artifact id: '858bbadfb037c2fcf57ae7ae059c45b6') in 0.015828 seconds 
========================================================================
Received Import Request.
  Time since last request: 0.000028 seconds.
  path: Assets/Sprites/tiles_sheet_83.asset
  artifactKey: Guid(13f26f344ba5bfb4a8279358713e1c3e) Importer(815301076,1909f56bfc062723c751e8b465ee728b)
Start importing Assets/Sprites/tiles_sheet_83.asset using Guid(13f26f344ba5bfb4a8279358713e1c3e) Importer(815301076,1909f56bfc062723c751e8b465ee728b)  -> (artifact id: 'a112a4cfe9f3e704ecd9f5334e40b173') in 0.013865 seconds 
========================================================================
Received Import Request.
  Time since last request: 0.000026 seconds.
  path: Assets/Sprites/tiles_sheet_82.asset
  artifactKey: Guid(4a8010d8d741538479813a1f94287a44) Importer(815301076,1909f56bfc062723c751e8b465ee728b)
Start importing Assets/Sprites/tiles_sheet_82.asset using Guid(4a8010d8d741538479813a1f94287a44) Importer(815301076,1909f56bfc062723c751e8b465ee728b)  -> (artifact id: '9fd774527cb4c243c16531cbb8f97df9') in 0.013770 seconds 
========================================================================
Received Import Request.
  Time since last request: 0.000032 seconds.
  path: Assets/Sprites/tiles_sheet_85.asset
  artifactKey: Guid(80be2b29b27b6644f9c2551701c0ef5b) Importer(815301076,1909f56bfc062723c751e8b465ee728b)
Start importing Assets/Sprites/tiles_sheet_85.asset using Guid(80be2b29b27b6644f9c2551701c0ef5b) Importer(815301076,1909f56bfc062723c751e8b465ee728b)  -> (artifact id: '62fa0fe2a6faf596f375784b61e06272') in 0.014020 seconds 
========================================================================
Received Import Request.
  Time since last request: 0.000026 seconds.
  path: Assets/Sprites/tiles_sheet_87.asset
  artifactKey: Guid(43693da9668c3ba4293552a680cceac7) Importer(815301076,1909f56bfc062723c751e8b465ee728b)
Start importing Assets/Sprites/tiles_sheet_87.asset using Guid(43693da9668c3ba4293552a680cceac7) Importer(815301076,1909f56bfc062723c751e8b465ee728b)  -> (artifact id: '6235ad5a60ff66f74aada76f6e746155') in 0.014892 seconds 
========================================================================
Received Import Request.
  Time since last request: 0.000019 seconds.
  path: Assets/Sprites/tiles_sheet_95.asset
  artifactKey: Guid(ccd7d27c44a51b0469f9bf986b79a58d) Importer(815301076,1909f56bfc062723c751e8b465ee728b)
Start importing Assets/Sprites/tiles_sheet_95.asset using Guid(ccd7d27c44a51b0469f9bf986b79a58d) Importer(815301076,1909f56bfc062723c751e8b465ee728b)  -> (artifact id: '0ec2c9df9a28586f8461e3a7998df78f') in 0.013775 seconds 
========================================================================
Received Import Request.
  Time since last request: 0.000027 seconds.
  path: Assets/Sprites/tiles_sheet_94.asset
  artifactKey: Guid(464927b7850dadc4195fbf07051a3a9a) Importer(815301076,1909f56bfc062723c751e8b465ee728b)
Start importing Assets/Sprites/tiles_sheet_94.asset using Guid(464927b7850dadc4195fbf07051a3a9a) Importer(815301076,1909f56bfc062723c751e8b465ee728b)  -> (artifact id: '3b849821c08d32789e76d9e6b8ae1344') in 0.014946 seconds 
========================================================================
Received Import Request.
  Time since last request: 0.000024 seconds.
  path: Assets/Sprites/tiles_sheet_89.asset
  artifactKey: Guid(4373dd9f6ae6ed44c9fc7dc84b64f37d) Importer(815301076,1909f56bfc062723c751e8b465ee728b)
Start importing Assets/Sprites/tiles_sheet_89.asset using Guid(4373dd9f6ae6ed44c9fc7dc84b64f37d) Importer(815301076,1909f56bfc062723c751e8b465ee728b)  -> (artifact id: '92cadc0d851682b512a7003f70aae46d') in 0.013783 seconds 
========================================================================
Received Import Request.
  Time since last request: 0.000023 seconds.
  path: Assets/Sprites/tiles_sheet_92.asset
  artifactKey: Guid(07e9ed0e1718cbb49aa90df1911b5b1d) Importer(815301076,1909f56bfc062723c751e8b465ee728b)
Start importing Assets/Sprites/tiles_sheet_92.asset using Guid(07e9ed0e1718cbb49aa90df1911b5b1d) Importer(815301076,1909f56bfc062723c751e8b465ee728b)  -> (artifact id: 'a6891a4a8d8f43756b754f213dfd2d3c') in 0.013161 seconds 
========================================================================
Received Import Request.
  Time since last request: 21.000322 seconds.
  path: Assets/Sprites/Image Assets
  artifactKey: Guid(3298e5985395a274a9a16ec0de02be81) Importer(815301076,1909f56bfc062723c751e8b465ee728b)
Start importing Assets/Sprites/Image Assets using Guid(3298e5985395a274a9a16ec0de02be81) Importer(815301076,1909f56bfc062723c751e8b465ee728b)  -> (artifact id: 'e5b0de35746e44c2fbaec0913a839f97') in 0.004244 seconds 
========================================================================
Received Import Request.
  Time since last request: 19.034656 seconds.
  path: Assets/Sprites/Image Assets/BG_ExtraScreen.PNG
  artifactKey: Guid(88e455ac711fdd34285c78c7bdb1d3f5) Importer(815301076,1909f56bfc062723c751e8b465ee728b)
Start importing Assets/Sprites/Image Assets/BG_ExtraScreen.PNG using Guid(88e455ac711fdd34285c78c7bdb1d3f5) Importer(815301076,1909f56bfc062723c751e8b465ee728b)  -> (artifact id: 'f95e5436ab39ca6388b669877453441e') in 1.431601 seconds 
========================================================================
Received Import Request.
  Time since last request: 0.000047 seconds.
  path: Assets/Sprites/Image Assets/UI_Wood.PNG
  artifactKey: Guid(2d8359f17f469564584f3aeee3940280) Importer(815301076,1909f56bfc062723c751e8b465ee728b)
Start importing Assets/Sprites/Image Assets/UI_Wood.PNG using Guid(2d8359f17f469564584f3aeee3940280) Importer(815301076,1909f56bfc062723c751e8b465ee728b)  -> (artifact id: 'abbab2558cf9cffe8a3792f040c3b7df') in 0.318903 seconds 
========================================================================
Received Import Request.
  Time since last request: 0.000033 seconds.
  path: Assets/Sprites/Image Assets/Char_MainChar_3.PNG
  artifactKey: Guid(a99b235e16270ff4bb5b4816eb065b4f) Importer(815301076,1909f56bfc062723c751e8b465ee728b)
Start importing Assets/Sprites/Image Assets/Char_MainChar_3.PNG using Guid(a99b235e16270ff4bb5b4816eb065b4f) Importer(815301076,1909f56bfc062723c751e8b465ee728b)  -> (artifact id: 'b8efaedfcf49a27e69a9ab404865b713') in 0.249739 seconds 
========================================================================
Received Import Request.
  Time since last request: 0.000022 seconds.
  path: Assets/Sprites/Image Assets/UI_Surrender.PNG
  artifactKey: Guid(7b8a32d8a34ea654185d8cdae8b9ca55) Importer(815301076,1909f56bfc062723c751e8b465ee728b)
Start importing Assets/Sprites/Image Assets/UI_Surrender.PNG using Guid(7b8a32d8a34ea654185d8cdae8b9ca55) Importer(815301076,1909f56bfc062723c751e8b465ee728b)  -> (artifact id: 'fed18b7124de3aaef6bd6ff9b2174dc8') in 0.222198 seconds 
========================================================================
Received Import Request.
  Time since last request: 0.000031 seconds.
  path: Assets/Sprites/Image Assets/Char_MainChar_1.PNG
  artifactKey: Guid(26366e2c65caffe45a030c18fee66924) Importer(815301076,1909f56bfc062723c751e8b465ee728b)
Start importing Assets/Sprites/Image Assets/Char_MainChar_1.PNG using Guid(26366e2c65caffe45a030c18fee66924) Importer(815301076,1909f56bfc062723c751e8b465ee728b)  -> (artifact id: '4d5330b43752afb677efc3b4521a9893') in 0.222723 seconds 
========================================================================
Received Import Request.
  Time since last request: 0.000027 seconds.
  path: Assets/Sprites/Image Assets/UI_Gun.PNG
  artifactKey: Guid(d69002d443da3a7418373d5f3e6956d0) Importer(815301076,1909f56bfc062723c751e8b465ee728b)
Start importing Assets/Sprites/Image Assets/UI_Gun.PNG using Guid(d69002d443da3a7418373d5f3e6956d0) Importer(815301076,1909f56bfc062723c751e8b465ee728b)  -> (artifact id: '0b59c7b3cc06b38e23c2b505877afe21') in 0.228466 seconds 
========================================================================
Received Import Request.
  Time since last request: 0.000029 seconds.
  path: Assets/Sprites/Image Assets/Char_WilliamKidd_1.PNG
  artifactKey: Guid(6a6645010a663684bab8ea92c05796e8) Importer(815301076,1909f56bfc062723c751e8b465ee728b)
Start importing Assets/Sprites/Image Assets/Char_WilliamKidd_1.PNG using Guid(6a6645010a663684bab8ea92c05796e8) Importer(815301076,1909f56bfc062723c751e8b465ee728b)  -> (artifact id: 'f3ae8e5bcb7def5bd277100045b40609') in 0.237692 seconds 
========================================================================
Received Import Request.
  Time since last request: 0.000024 seconds.
  path: Assets/Sprites/Image Assets/Char_MainChar_Dark.PNG
  artifactKey: Guid(c67fe74c2583c1948b7916590dde4467) Importer(815301076,1909f56bfc062723c751e8b465ee728b)
Start importing Assets/Sprites/Image Assets/Char_MainChar_Dark.PNG using Guid(c67fe74c2583c1948b7916590dde4467) Importer(815301076,1909f56bfc062723c751e8b465ee728b)  -> (artifact id: '6119810ebd309608406d434e03bc05f1') in 0.232006 seconds 
========================================================================
Received Import Request.
  Time since last request: 0.000042 seconds.
  path: Assets/Sprites/Image Assets/Char_BlackBeard_2.PNG
  artifactKey: Guid(32790e4975d84ec438dbffa5adb2473b) Importer(815301076,1909f56bfc062723c751e8b465ee728b)
Start importing Assets/Sprites/Image Assets/Char_BlackBeard_2.PNG using Guid(32790e4975d84ec438dbffa5adb2473b) Importer(815301076,1909f56bfc062723c751e8b465ee728b)  -> (artifact id: '0867d307c44d78b3d79c06b37867d5c3') in 0.242610 seconds 
========================================================================
Received Import Request.
  Time since last request: 0.000023 seconds.
  path: Assets/Sprites/Image Assets/UI_Doubloon.PNG
  artifactKey: Guid(58433e4fd57fbdb4ea204b22ef40d64f) Importer(815301076,1909f56bfc062723c751e8b465ee728b)
Start importing Assets/Sprites/Image Assets/UI_Doubloon.PNG using Guid(58433e4fd57fbdb4ea204b22ef40d64f) Importer(815301076,1909f56bfc062723c751e8b465ee728b)  -> (artifact id: 'd98bdfe1072d88a7cc2235d810b52bb3') in 0.229057 seconds 
